<?xml version="1.0" encoding="UTF-8"?>
<testsuite xmlns:xsi="http://www.w3.org/2001/XMLSchema-instance" xsi:noNamespaceSchemaLocation="https://maven.apache.org/surefire/maven-surefire-plugin/xsd/surefire-test-report.xsd" name="com.ordina.word.WordApplicationTests" time="3.287" tests="3" errors="0" skipped="0" failures="0">
  <properties>
    <property name="java.specification.version" value="17"/>
    <property name="sun.jnu.encoding" value="UTF-8"/>
    <property name="java.class.path" value="/Users/yong/word/target/test-classes:/Users/yong/word/target/classes:/Users/yong/.m2/repository/log4j/log4j/1.2.17/log4j-1.2.17.jar:/Users/yong/.m2/repository/org/springframework/boot/spring-boot-starter-web/3.0.0-SNAPSHOT/spring-boot-starter-web-3.0.0-SNAPSHOT.jar:/Users/yong/.m2/repository/org/springframework/boot/spring-boot-starter/3.0.0-SNAPSHOT/spring-boot-starter-3.0.0-SNAPSHOT.jar:/Users/yong/.m2/repository/org/springframework/boot/spring-boot/3.0.0-SNAPSHOT/spring-boot-3.0.0-SNAPSHOT.jar:/Users/yong/.m2/repository/org/springframework/boot/spring-boot-autoconfigure/3.0.0-SNAPSHOT/spring-boot-autoconfigure-3.0.0-SNAPSHOT.jar:/Users/yong/.m2/repository/org/springframework/boot/spring-boot-starter-logging/3.0.0-SNAPSHOT/spring-boot-starter-logging-3.0.0-SNAPSHOT.jar:/Users/yong/.m2/repository/ch/qos/logback/logback-classic/1.4.4/logback-classic-1.4.4.jar:/Users/yong/.m2/repository/ch/qos/logback/logback-core/1.4.4/logback-core-1.4.4.jar:/Users/yong/.m2/repository/org/apache/logging/log4j/log4j-to-slf4j/2.19.0/log4j-to-slf4j-2.19.0.jar:/Users/yong/.m2/repository/org/apache/logging/log4j/log4j-api/2.19.0/log4j-api-2.19.0.jar:/Users/yong/.m2/repository/org/slf4j/jul-to-slf4j/2.0.3/jul-to-slf4j-2.0.3.jar:/Users/yong/.m2/repository/org/yaml/snakeyaml/1.33/snakeyaml-1.33.jar:/Users/yong/.m2/repository/org/springframework/boot/spring-boot-starter-json/3.0.0-SNAPSHOT/spring-boot-starter-json-3.0.0-SNAPSHOT.jar:/Users/yong/.m2/repository/com/fasterxml/jackson/core/jackson-databind/2.14.0-rc3/jackson-databind-2.14.0-rc3.jar:/Users/yong/.m2/repository/com/fasterxml/jackson/core/jackson-annotations/2.14.0-rc3/jackson-annotations-2.14.0-rc3.jar:/Users/yong/.m2/repository/com/fasterxml/jackson/core/jackson-core/2.14.0-rc3/jackson-core-2.14.0-rc3.jar:/Users/yong/.m2/repository/com/fasterxml/jackson/datatype/jackson-datatype-jdk8/2.14.0-rc3/jackson-datatype-jdk8-2.14.0-rc3.jar:/Users/yong/.m2/repository/com/fasterxml/jackson/datatype/jackson-datatype-jsr310/2.14.0-rc3/jackson-datatype-jsr310-2.14.0-rc3.jar:/Users/yong/.m2/repository/com/fasterxml/jackson/module/jackson-module-parameter-names/2.14.0-rc3/jackson-module-parameter-names-2.14.0-rc3.jar:/Users/yong/.m2/repository/org/springframework/spring-web/6.0.0-SNAPSHOT/spring-web-6.0.0-SNAPSHOT.jar:/Users/yong/.m2/repository/org/springframework/spring-beans/6.0.0-SNAPSHOT/spring-beans-6.0.0-SNAPSHOT.jar:/Users/yong/.m2/repository/io/micrometer/micrometer-observation/1.10.0-SNAPSHOT/micrometer-observation-1.10.0-SNAPSHOT.jar:/Users/yong/.m2/repository/io/micrometer/micrometer-commons/1.10.0-SNAPSHOT/micrometer-commons-1.10.0-SNAPSHOT.jar:/Users/yong/.m2/repository/org/springframework/spring-webmvc/6.0.0-SNAPSHOT/spring-webmvc-6.0.0-SNAPSHOT.jar:/Users/yong/.m2/repository/org/springframework/spring-aop/6.0.0-SNAPSHOT/spring-aop-6.0.0-SNAPSHOT.jar:/Users/yong/.m2/repository/org/springframework/spring-context/6.0.0-SNAPSHOT/spring-context-6.0.0-SNAPSHOT.jar:/Users/yong/.m2/repository/org/springframework/spring-expression/6.0.0-SNAPSHOT/spring-expression-6.0.0-SNAPSHOT.jar:/Users/yong/.m2/repository/org/springframework/boot/spring-boot-starter-tomcat/3.0.0-SNAPSHOT/spring-boot-starter-tomcat-3.0.0-SNAPSHOT.jar:/Users/yong/.m2/repository/jakarta/annotation/jakarta.annotation-api/2.0.0/jakarta.annotation-api-2.0.0.jar:/Users/yong/.m2/repository/org/apache/tomcat/embed/tomcat-embed-core/10.1.1/tomcat-embed-core-10.1.1.jar:/Users/yong/.m2/repository/org/apache/tomcat/embed/tomcat-embed-el/10.1.1/tomcat-embed-el-10.1.1.jar:/Users/yong/.m2/repository/org/apache/tomcat/embed/tomcat-embed-websocket/10.1.1/tomcat-embed-websocket-10.1.1.jar:/Users/yong/.m2/repository/org/springframework/boot/spring-boot-starter-test/3.0.0-SNAPSHOT/spring-boot-starter-test-3.0.0-SNAPSHOT.jar:/Users/yong/.m2/repository/org/springframework/boot/spring-boot-test/3.0.0-SNAPSHOT/spring-boot-test-3.0.0-SNAPSHOT.jar:/Users/yong/.m2/repository/org/springframework/boot/spring-boot-test-autoconfigure/3.0.0-SNAPSHOT/spring-boot-test-autoconfigure-3.0.0-SNAPSHOT.jar:/Users/yong/.m2/repository/com/jayway/jsonpath/json-path/2.7.0/json-path-2.7.0.jar:/Users/yong/.m2/repository/net/minidev/json-smart/2.4.8/json-smart-2.4.8.jar:/Users/yong/.m2/repository/net/minidev/accessors-smart/2.4.8/accessors-smart-2.4.8.jar:/Users/yong/.m2/repository/org/ow2/asm/asm/9.1/asm-9.1.jar:/Users/yong/.m2/repository/org/slf4j/slf4j-api/2.0.3/slf4j-api-2.0.3.jar:/Users/yong/.m2/repository/jakarta/xml/bind/jakarta.xml.bind-api/3.0.1/jakarta.xml.bind-api-3.0.1.jar:/Users/yong/.m2/repository/com/sun/activation/jakarta.activation/2.0.1/jakarta.activation-2.0.1.jar:/Users/yong/.m2/repository/org/assertj/assertj-core/3.23.1/assertj-core-3.23.1.jar:/Users/yong/.m2/repository/net/bytebuddy/byte-buddy/1.12.18/byte-buddy-1.12.18.jar:/Users/yong/.m2/repository/org/hamcrest/hamcrest/2.2/hamcrest-2.2.jar:/Users/yong/.m2/repository/org/junit/jupiter/junit-jupiter/5.9.1/junit-jupiter-5.9.1.jar:/Users/yong/.m2/repository/org/junit/jupiter/junit-jupiter-api/5.9.1/junit-jupiter-api-5.9.1.jar:/Users/yong/.m2/repository/org/opentest4j/opentest4j/1.2.0/opentest4j-1.2.0.jar:/Users/yong/.m2/repository/org/junit/platform/junit-platform-commons/1.9.1/junit-platform-commons-1.9.1.jar:/Users/yong/.m2/repository/org/apiguardian/apiguardian-api/1.1.2/apiguardian-api-1.1.2.jar:/Users/yong/.m2/repository/org/junit/jupiter/junit-jupiter-params/5.9.1/junit-jupiter-params-5.9.1.jar:/Users/yong/.m2/repository/org/junit/jupiter/junit-jupiter-engine/5.9.1/junit-jupiter-engine-5.9.1.jar:/Users/yong/.m2/repository/org/junit/platform/junit-platform-engine/1.9.1/junit-platform-engine-1.9.1.jar:/Users/yong/.m2/repository/org/mockito/mockito-core/4.8.1/mockito-core-4.8.1.jar:/Users/yong/.m2/repository/net/bytebuddy/byte-buddy-agent/1.12.18/byte-buddy-agent-1.12.18.jar:/Users/yong/.m2/repository/org/objenesis/objenesis/3.2/objenesis-3.2.jar:/Users/yong/.m2/repository/org/mockito/mockito-junit-jupiter/4.8.1/mockito-junit-jupiter-4.8.1.jar:/Users/yong/.m2/repository/org/skyscreamer/jsonassert/1.5.1/jsonassert-1.5.1.jar:/Users/yong/.m2/repository/com/vaadin/external/google/android-json/0.0.20131108.vaadin1/android-json-0.0.20131108.vaadin1.jar:/Users/yong/.m2/repository/org/springframework/spring-core/6.0.0-SNAPSHOT/spring-core-6.0.0-SNAPSHOT.jar:/Users/yong/.m2/repository/org/springframework/spring-jcl/6.0.0-SNAPSHOT/spring-jcl-6.0.0-SNAPSHOT.jar:/Users/yong/.m2/repository/org/springframework/spring-test/6.0.0-SNAPSHOT/spring-test-6.0.0-SNAPSHOT.jar:/Users/yong/.m2/repository/org/xmlunit/xmlunit-core/2.9.0/xmlunit-core-2.9.0.jar:"/>
    <property name="java.vm.vendor" value="Homebrew"/>
    <property name="sun.arch.data.model" value="64"/>
    <property name="java.vendor.url" value="https://github.com/Homebrew/homebrew-core/issues"/>
    <property name="os.name" value="Mac OS X"/>
    <property name="java.vm.specification.version" value="17"/>
    <property name="sun.java.launcher" value="SUN_STANDARD"/>
    <property name="user.country" value="GB"/>
    <property name="sun.boot.library.path" value="/usr/local/Cellar/openjdk/17.0.1_1/libexec/openjdk.jdk/Contents/Home/lib"/>
    <property name="sun.java.command" value="/Users/yong/word/target/surefire/surefirebooter17600021926623266710.jar /Users/yong/word/target/surefire 2022-11-08T22-36-29_271-jvmRun1 surefire9270349171592724043tmp surefire_010537852507087841577tmp"/>
    <property name="jdk.debug" value="release"/>
    <property name="surefire.test.class.path" value="/Users/yong/word/target/test-classes:/Users/yong/word/target/classes:/Users/yong/.m2/repository/log4j/log4j/1.2.17/log4j-1.2.17.jar:/Users/yong/.m2/repository/org/springframework/boot/spring-boot-starter-web/3.0.0-SNAPSHOT/spring-boot-starter-web-3.0.0-SNAPSHOT.jar:/Users/yong/.m2/repository/org/springframework/boot/spring-boot-starter/3.0.0-SNAPSHOT/spring-boot-starter-3.0.0-SNAPSHOT.jar:/Users/yong/.m2/repository/org/springframework/boot/spring-boot/3.0.0-SNAPSHOT/spring-boot-3.0.0-SNAPSHOT.jar:/Users/yong/.m2/repository/org/springframework/boot/spring-boot-autoconfigure/3.0.0-SNAPSHOT/spring-boot-autoconfigure-3.0.0-SNAPSHOT.jar:/Users/yong/.m2/repository/org/springframework/boot/spring-boot-starter-logging/3.0.0-SNAPSHOT/spring-boot-starter-logging-3.0.0-SNAPSHOT.jar:/Users/yong/.m2/repository/ch/qos/logback/logback-classic/1.4.4/logback-classic-1.4.4.jar:/Users/yong/.m2/repository/ch/qos/logback/logback-core/1.4.4/logback-core-1.4.4.jar:/Users/yong/.m2/repository/org/apache/logging/log4j/log4j-to-slf4j/2.19.0/log4j-to-slf4j-2.19.0.jar:/Users/yong/.m2/repository/org/apache/logging/log4j/log4j-api/2.19.0/log4j-api-2.19.0.jar:/Users/yong/.m2/repository/org/slf4j/jul-to-slf4j/2.0.3/jul-to-slf4j-2.0.3.jar:/Users/yong/.m2/repository/org/yaml/snakeyaml/1.33/snakeyaml-1.33.jar:/Users/yong/.m2/repository/org/springframework/boot/spring-boot-starter-json/3.0.0-SNAPSHOT/spring-boot-starter-json-3.0.0-SNAPSHOT.jar:/Users/yong/.m2/repository/com/fasterxml/jackson/core/jackson-databind/2.14.0-rc3/jackson-databind-2.14.0-rc3.jar:/Users/yong/.m2/repository/com/fasterxml/jackson/core/jackson-annotations/2.14.0-rc3/jackson-annotations-2.14.0-rc3.jar:/Users/yong/.m2/repository/com/fasterxml/jackson/core/jackson-core/2.14.0-rc3/jackson-core-2.14.0-rc3.jar:/Users/yong/.m2/repository/com/fasterxml/jackson/datatype/jackson-datatype-jdk8/2.14.0-rc3/jackson-datatype-jdk8-2.14.0-rc3.jar:/Users/yong/.m2/repository/com/fasterxml/jackson/datatype/jackson-datatype-jsr310/2.14.0-rc3/jackson-datatype-jsr310-2.14.0-rc3.jar:/Users/yong/.m2/repository/com/fasterxml/jackson/module/jackson-module-parameter-names/2.14.0-rc3/jackson-module-parameter-names-2.14.0-rc3.jar:/Users/yong/.m2/repository/org/springframework/spring-web/6.0.0-SNAPSHOT/spring-web-6.0.0-SNAPSHOT.jar:/Users/yong/.m2/repository/org/springframework/spring-beans/6.0.0-SNAPSHOT/spring-beans-6.0.0-SNAPSHOT.jar:/Users/yong/.m2/repository/io/micrometer/micrometer-observation/1.10.0-SNAPSHOT/micrometer-observation-1.10.0-SNAPSHOT.jar:/Users/yong/.m2/repository/io/micrometer/micrometer-commons/1.10.0-SNAPSHOT/micrometer-commons-1.10.0-SNAPSHOT.jar:/Users/yong/.m2/repository/org/springframework/spring-webmvc/6.0.0-SNAPSHOT/spring-webmvc-6.0.0-SNAPSHOT.jar:/Users/yong/.m2/repository/org/springframework/spring-aop/6.0.0-SNAPSHOT/spring-aop-6.0.0-SNAPSHOT.jar:/Users/yong/.m2/repository/org/springframework/spring-context/6.0.0-SNAPSHOT/spring-context-6.0.0-SNAPSHOT.jar:/Users/yong/.m2/repository/org/springframework/spring-expression/6.0.0-SNAPSHOT/spring-expression-6.0.0-SNAPSHOT.jar:/Users/yong/.m2/repository/org/springframework/boot/spring-boot-starter-tomcat/3.0.0-SNAPSHOT/spring-boot-starter-tomcat-3.0.0-SNAPSHOT.jar:/Users/yong/.m2/repository/jakarta/annotation/jakarta.annotation-api/2.0.0/jakarta.annotation-api-2.0.0.jar:/Users/yong/.m2/repository/org/apache/tomcat/embed/tomcat-embed-core/10.1.1/tomcat-embed-core-10.1.1.jar:/Users/yong/.m2/repository/org/apache/tomcat/embed/tomcat-embed-el/10.1.1/tomcat-embed-el-10.1.1.jar:/Users/yong/.m2/repository/org/apache/tomcat/embed/tomcat-embed-websocket/10.1.1/tomcat-embed-websocket-10.1.1.jar:/Users/yong/.m2/repository/org/springframework/boot/spring-boot-starter-test/3.0.0-SNAPSHOT/spring-boot-starter-test-3.0.0-SNAPSHOT.jar:/Users/yong/.m2/repository/org/springframework/boot/spring-boot-test/3.0.0-SNAPSHOT/spring-boot-test-3.0.0-SNAPSHOT.jar:/Users/yong/.m2/repository/org/springframework/boot/spring-boot-test-autoconfigure/3.0.0-SNAPSHOT/spring-boot-test-autoconfigure-3.0.0-SNAPSHOT.jar:/Users/yong/.m2/repository/com/jayway/jsonpath/json-path/2.7.0/json-path-2.7.0.jar:/Users/yong/.m2/repository/net/minidev/json-smart/2.4.8/json-smart-2.4.8.jar:/Users/yong/.m2/repository/net/minidev/accessors-smart/2.4.8/accessors-smart-2.4.8.jar:/Users/yong/.m2/repository/org/ow2/asm/asm/9.1/asm-9.1.jar:/Users/yong/.m2/repository/org/slf4j/slf4j-api/2.0.3/slf4j-api-2.0.3.jar:/Users/yong/.m2/repository/jakarta/xml/bind/jakarta.xml.bind-api/3.0.1/jakarta.xml.bind-api-3.0.1.jar:/Users/yong/.m2/repository/com/sun/activation/jakarta.activation/2.0.1/jakarta.activation-2.0.1.jar:/Users/yong/.m2/repository/org/assertj/assertj-core/3.23.1/assertj-core-3.23.1.jar:/Users/yong/.m2/repository/net/bytebuddy/byte-buddy/1.12.18/byte-buddy-1.12.18.jar:/Users/yong/.m2/repository/org/hamcrest/hamcrest/2.2/hamcrest-2.2.jar:/Users/yong/.m2/repository/org/junit/jupiter/junit-jupiter/5.9.1/junit-jupiter-5.9.1.jar:/Users/yong/.m2/repository/org/junit/jupiter/junit-jupiter-api/5.9.1/junit-jupiter-api-5.9.1.jar:/Users/yong/.m2/repository/org/opentest4j/opentest4j/1.2.0/opentest4j-1.2.0.jar:/Users/yong/.m2/repository/org/junit/platform/junit-platform-commons/1.9.1/junit-platform-commons-1.9.1.jar:/Users/yong/.m2/repository/org/apiguardian/apiguardian-api/1.1.2/apiguardian-api-1.1.2.jar:/Users/yong/.m2/repository/org/junit/jupiter/junit-jupiter-params/5.9.1/junit-jupiter-params-5.9.1.jar:/Users/yong/.m2/repository/org/junit/jupiter/junit-jupiter-engine/5.9.1/junit-jupiter-engine-5.9.1.jar:/Users/yong/.m2/repository/org/junit/platform/junit-platform-engine/1.9.1/junit-platform-engine-1.9.1.jar:/Users/yong/.m2/repository/org/mockito/mockito-core/4.8.1/mockito-core-4.8.1.jar:/Users/yong/.m2/repository/net/bytebuddy/byte-buddy-agent/1.12.18/byte-buddy-agent-1.12.18.jar:/Users/yong/.m2/repository/org/objenesis/objenesis/3.2/objenesis-3.2.jar:/Users/yong/.m2/repository/org/mockito/mockito-junit-jupiter/4.8.1/mockito-junit-jupiter-4.8.1.jar:/Users/yong/.m2/repository/org/skyscreamer/jsonassert/1.5.1/jsonassert-1.5.1.jar:/Users/yong/.m2/repository/com/vaadin/external/google/android-json/0.0.20131108.vaadin1/android-json-0.0.20131108.vaadin1.jar:/Users/yong/.m2/repository/org/springframework/spring-core/6.0.0-SNAPSHOT/spring-core-6.0.0-SNAPSHOT.jar:/Users/yong/.m2/repository/org/springframework/spring-jcl/6.0.0-SNAPSHOT/spring-jcl-6.0.0-SNAPSHOT.jar:/Users/yong/.m2/repository/org/springframework/spring-test/6.0.0-SNAPSHOT/spring-test-6.0.0-SNAPSHOT.jar:/Users/yong/.m2/repository/org/xmlunit/xmlunit-core/2.9.0/xmlunit-core-2.9.0.jar:"/>
    <property name="sun.cpu.endian" value="little"/>
    <property name="user.home" value="/Users/yong"/>
    <property name="user.language" value="en"/>
    <property name="java.specification.vendor" value="Oracle Corporation"/>
    <property name="java.version.date" value="2021-10-19"/>
    <property name="java.home" value="/usr/local/Cellar/openjdk/17.0.1_1/libexec/openjdk.jdk/Contents/Home"/>
    <property name="file.separator" value="/"/>
    <property name="basedir" value="/Users/yong/word"/>
    <property name="java.vm.compressedOopsMode" value="Zero based"/>
    <property name="line.separator" value="&#10;"/>
    <property name="java.vm.specification.vendor" value="Oracle Corporation"/>
    <property name="java.specification.name" value="Java Platform API Specification"/>
    <property name="surefire.real.class.path" value="/Users/yong/word/target/surefire/surefirebooter17600021926623266710.jar"/>
    <property name="sun.management.compiler" value="HotSpot 64-Bit Tiered Compilers"/>
    <property name="java.runtime.version" value="17.0.1+1"/>
    <property name="user.name" value="yong"/>
    <property name="path.separator" value=":"/>
    <property name="os.version" value="12.5.1"/>
    <property name="java.runtime.name" value="OpenJDK Runtime Environment"/>
    <property name="file.encoding" value="UTF-8"/>
    <property name="java.vm.name" value="OpenJDK 64-Bit Server VM"/>
    <property name="java.vendor.version" value="Homebrew"/>
    <property name="localRepository" value="/Users/yong/.m2/repository"/>
    <property name="java.vendor.url.bug" value="https://github.com/Homebrew/homebrew-core/issues"/>
    <property name="java.io.tmpdir" value="/var/folders/bw/89_8hc7s7r5gpzh7rjhygx4r0000gq/T/"/>
    <property name="java.version" value="17.0.1"/>
    <property name="user.dir" value="/Users/yong/word"/>
    <property name="os.arch" value="x86_64"/>
    <property name="java.vm.specification.name" value="Java Virtual Machine Specification"/>
    <property name="native.encoding" value="UTF-8"/>
    <property name="java.library.path" value="/Users/yong/Library/Java/Extensions:/Library/Java/Extensions:/Network/Library/Java/Extensions:/System/Library/Java/Extensions:/usr/lib/java:."/>
    <property name="java.vm.info" value="mixed mode, sharing"/>
    <property name="java.vendor" value="Homebrew"/>
    <property name="java.vm.version" value="17.0.1+1"/>
    <property name="sun.io.unicode.encoding" value="UnicodeBig"/>
    <property name="java.class.version" value="61.0"/>
  </properties>
  <testcase name="testCalculateFrequencyForWord" classname="com.ordina.word.WordApplicationTests" time="0.54"/>
  <testcase name="testCalculateMostFrequentNWords" classname="com.ordina.word.WordApplicationTests" time="0.008"/>
  <testcase name="testCalculateHighestFrequency" classname="com.ordina.word.WordApplicationTests" time="0.003"/>
</testsuite>